Arguments: 
  C:\Program Files\nodejs\node.exe C:\Users\htwoo\AppData\Roaming\npm\node_modules\yarn\bin\yarn.js add typescript node-ts nodemon @types/koa @types/koa-router @types/koa-body @types/node @types/mockjs --dev

PATH: 
  C:\Windows\system32;C:\Windows;C:\Windows\System32\Wbem;C:\Windows\System32\WindowsPowerShell\v1.0\;C:\Windows\System32\OpenSSH\;C:\Program Files (x86)\NVIDIA Corporation\PhysX\Common;C:\Program Files\NVIDIA Corporation\NVIDIA NvDLISR;C:\Program Files\Intel\WiFi\bin\;C:\Program Files\Common Files\Intel\WirelessCommon\;D:\git\Git\cmd;D:\MinGW\mingw64\bin;C:\Users\htwoo\AppData\Local\Google\Chrome\Application;D:\anaconda\Scripts;D:\ffmpeg\ffmpeg-4.2.1\bin;D:\matlab_\runtime\win64;D:\matlab_\bin;D:\graphviz\bin;D:\Graphviz2.38\bin;C:\Program Files\Microsoft SQL Server\130\Tools\Binn\;E:\minGW\mingw64\bin;E:\java\bin;C:\Program Files\nodejs\;C:\Program Files\Calibre2\;E:\CMake\bin;C:\Program Files\dotnet\;E:\mysql2\mysql-8.0.19-winx64\bin;C:\WINDOWS\system32;C:\WINDOWS;C:\WINDOWS\System32\Wbem;C:\WINDOWS\System32\WindowsPowerShell\v1.0\;C:\WINDOWS\System32\OpenSSH\;E:\GoSDK\bin;E:\java\maven\bin;E:\Neovim\bin;E:\mongodb\bin;%MySQL_HOME%\bin;C:\Program Files\MySQL\MySQL Shell 8.0\bin\;C:\Users\htwoo\AppData\Local\Microsoft\WindowsApps;C:\Program Files\MySQL\MySQL Server 8.0\bin;D:\ffmpeg\ffmpeg-4.2.1\bin;C:\Users\htwoo\AppData\Roaming\npm;C:\Program Files\Calibre2\;E:\texlive\2019\bin\win32;D:\anaconda;D:\anaconda\Scripts;D:\anaconda\Library\bin;;E:\intellJ\IntelliJ IDEA Educational Edition 2020.1.1\bin;;E:\intellJ\IntelliJ IDEA 2020.1.2\bin;;E:\clion\CLion 2020.1\bin;;E:\golang IDE\GoLand 2020.1\bin;;C:\Users\htwoo\AppData\Local\Programs\Microsoft VS Code\bin;C:\Users\htwoo\go\bin

Yarn version: 
  1.22.10

Node version: 
  12.16.1

Platform: 
  win32 x64

Trace: 
  Error: https://registry.npm.taobao.org/@types%2fkoa-body: Not found
      at Request.params.callback [as _callback] (C:\Users\htwoo\AppData\Roaming\npm\node_modules\yarn\lib\cli.js:66988:18)
      at Request.self.callback (C:\Users\htwoo\AppData\Roaming\npm\node_modules\yarn\lib\cli.js:140662:22)
      at Request.emit (events.js:311:20)
      at Request.<anonymous> (C:\Users\htwoo\AppData\Roaming\npm\node_modules\yarn\lib\cli.js:141634:10)
      at Request.emit (events.js:311:20)
      at IncomingMessage.<anonymous> (C:\Users\htwoo\AppData\Roaming\npm\node_modules\yarn\lib\cli.js:141556:12)
      at Object.onceWrapper (events.js:417:28)
      at IncomingMessage.emit (events.js:323:22)
      at endReadableNT (_stream_readable.js:1204:12)
      at processTicksAndRejections (internal/process/task_queues.js:84:21)

npm manifest: 
  {
    "name": "Blog_mock",
    "version": "1.0.0",
    "main": "index.js",
    "license": "MIT"
  }

yarn manifest: 
  No manifest

Lockfile: 
  No lockfile
